
                         Lattice Mapping Report File

Design:  top
Family:  iCE40UP
Device:  iCE40UP5K
Package: SG48
Performance Grade:  High-Performance_1.2V

Mapper:    version Radiant Software (64-bit) 2023.2.0.38.1
Mapped on: Fri Jun 21 15:47:35 2024

Design Information
------------------

Command line:   map -i FPGA_FPGA_syn.udb -pdc D:/Facultad ITBA/Ano
     5/Cuatrimestre 1/E4/TPs-G1_E4/TP3/Laticce/8bits/FPGA/source/FPGA/FPGA.pdc
     -o FPGA_FPGA_map.udb -mp FPGA_FPGA.mrp -hierrpt -gui -msgset D:/Facultad
     ITBA/Ano 5/Cuatrimestre 1/E4/TPs-G1_E4/TP3/Laticce/8bits/FPGA/promote.xml

Design Summary
--------------

   Number of slice registers: 159 out of  5280 (3%)
   Number of I/O registers:      3 out of   117 (3%)
   Number of LUT4s:           2714 out of  5280 (51%)
      Number of logic LUT4s:             2584
      Number of inserted feedthru LUT4s:   1
      Number of replicated LUT4s:          1
      Number of ripple logic:             64 (128 LUT4s)
   Number of IO sites used:   15 out of 39 (38%)
      Number of IO sites used for general PIO: 15
      Number of IO sites used for I3C: 0 out of 2 (0%)
      (note: If I3C is not used, its site can be used as general PIO)
      Number of IO sites used for PIO+I3C: 15 out of 36 (42%)
      Number of IO sites used for OD+RGB IO buffers: 0 out of 3 (0%)
      (note: If RGB LED drivers are not used, sites can be used as OD outputs,
       see TN1288 iCE40 LED Driver Usage Guide)
      Number of IO sites used for PIO+I3C+OD+RGB: 15 out of 39 (38%)
   Number of DSPs:             0 out of 8 (0%)
   Number of I2Cs:             0 out of 2 (0%)
   Number of High Speed OSCs:  0 out of 1 (0%)
   Number of Low Speed OSCs:   0 out of 1 (0%)
   Number of RGB PWM:          0 out of 1 (0%)
   Number of RGB Drivers:      0 out of 1 (0%)
   Number of SCL FILTERs:      0 out of 2 (0%)
   Number of SRAMs:            0 out of 4 (0%)
   Number of WARMBOOTs:        0 out of 1 (0%)
   Number of SPIs:             0 out of 2 (0%)
   Number of EBRs:             0 out of 30 (0%)
   Number of PLLs:             0 out of 1 (0%)
   Number of Clocks:  1
      Net clk_c: 126 loads, 126 rising, 0 falling (Driver: Port gpio_20)
   Number of Clock Enables:  9
      Net n606624: 11 loads, 11 SLICEs
      Net en_sin: 3 loads, 0 SLICEs
      Net sine_gen.n604772: 11 loads, 11 SLICEs
      Net sine_gen.n603896: 11 loads, 11 SLICEs
      Net sine_gen.n604808: 14 loads, 14 SLICEs
      Net sine_gen.n604420: 3 loads, 3 SLICEs
      Net sine_gen.n604890: 24 loads, 24 SLICEs
      Net sine_gen.n602855: 11 loads, 11 SLICEs

                                    Page 1





Design Summary (cont)
---------------------
      Net sine_gen.n612404: 1 loads, 1 SLICEs
   Number of LSRs:  4
      Net n590264: 11 loads, 11 SLICEs
      Net n610548: 1 loads, 1 SLICEs
      Net n589970: 4 loads, 4 SLICEs
      Net sine_gen.n605056: 24 loads, 24 SLICEs
   Top 10 highest fanout non-clock nets:
      Net address[4]: 744 loads
      Net address[5]: 730 loads
      Net address[3]: 551 loads
      Net address[6]: 460 loads
      Net address[2]: 444 loads
      Net address[1]: 425 loads
      Net address[0]: 360 loads
      Net address[7]: 357 loads
      Net address[8]: 181 loads
      Net address[9]: 117 loads





   Number of warnings:  0
   Number of errors:    0

Design Errors/Warnings
----------------------

   No errors or warnings present.

IO (PIO) Attributes
-------------------

+---------------------+-----------+-----------+-------+-------+-----------+
| IO Name             | Direction | Levelmode |  IO   |  IO   | Special   |
|                     |           |  IO_TYPE  |  REG  |  DDR  | IO Buffer |
+---------------------+-----------+-----------+-------+-------+-----------+
| gpio_20             | INPUT     |           |       |       |           |
+---------------------+-----------+-----------+-------+-------+-----------+
| Vcn                 | OUTPUT    |           |       |       |           |
+---------------------+-----------+-----------+-------+-------+-----------+
| Vbn                 | OUTPUT    |           |       |       |           |
+---------------------+-----------+-----------+-------+-------+-----------+
| Van                 | OUTPUT    |           |       |       |           |
+---------------------+-----------+-----------+-------+-------+-----------+
| Vc                  | OUTPUT    |           |       |       |           |
+---------------------+-----------+-----------+-------+-------+-----------+
| Vb                  | OUTPUT    |           |       |       |           |
+---------------------+-----------+-----------+-------+-------+-----------+
| Va                  | OUTPUT    |           |       |       |           |
+---------------------+-----------+-----------+-------+-------+-----------+
| Vc_gnd              | OUTPUT    |           |       |       |           |
+---------------------+-----------+-----------+-------+-------+-----------+
| Vc_p                | OUTPUT    |           | O     |       |           |
+---------------------+-----------+-----------+-------+-------+-----------+
| Vb_gnd              | OUTPUT    |           |       |       |           |
+---------------------+-----------+-----------+-------+-------+-----------+
| Vb_p                | OUTPUT    |           | O     |       |           |

                                    Page 2





IO (PIO) Attributes (cont)
--------------------------
+---------------------+-----------+-----------+-------+-------+-----------+
| Va_gnd              | OUTPUT    |           |       |       |           |
+---------------------+-----------+-----------+-------+-------+-----------+
| Va_p                | OUTPUT    |           | O     |       |           |
+---------------------+-----------+-----------+-------+-------+-----------+
| gpio_36             | OUTPUT    |           |       |       |           |
+---------------------+-----------+-----------+-------+-------+-----------+
| gpio_28             | OUTPUT    |           |       |       |           |
+---------------------+-----------+-----------+-------+-------+-----------+

ASIC Components
---------------

Instance Name: Vb_p_i1
         Type: IOLOGIC
Instance Name: Va_p_i0
         Type: IOLOGIC
Instance Name: Vc_p_i2
         Type: IOLOGIC

Constraint Summary
------------------

   Total number of constraints: 7
   Total number of constraints dropped: 0

Run Time and Memory Usage
-------------------------

   Total CPU Time: 1 secs
   Total REAL Time: 2 secs
   Peak Memory Usage: 107 MB
Checksum -- map: 1469f20d40f546b9baeeaabe8e4e913cfad5b6f

























                                    Page 3


Copyright (c) 1991-1994 by NeoCAD Inc. All rights reserved.
Copyright (c) 1995
     AT&T Corp.   All rights reserved.
Copyright (c) 1995-2001 Lucent
     Technologies Inc.  All rights reserved.
Copyright (c) 2001 Agere Systems
     All rights reserved.
Copyright (c) 2002-2023 Lattice Semiconductor
     Corporation,  All rights reserved.
