
timing -sethld -v 10 -u 10 -endpoints 10 -nperend 1 -sp High-Performance_1.2V -hsp m   -pwrprd -html -rpt "TP3_E4_TP3_E4.twr" "TP3_E4_TP3_E4.udb" 
timing -sethld -v 10 -u 10 -endpoints 10 -nperend 1 -sp High-Performance_1.2V -hsp m -pwrprd -html -rpt TP3_E4_TP3_E4.twr TP3_E4_TP3_E4.udb -gui -msgset D:/Facultad ITBA/Ano 5/Cuatrimestre 1/E4/TPs-G1_E4/TP3/Laticce/8bits/TP3_E4/promote.xml
Starting design reading...
Loading device for application GENERIC from file 'itpa08.nph' in environment: D:/2023.2.0.38.1_Radiant/ispfpga.
Package Status:                     Preliminary    Version 1.5.
Performance Hardware Data Status:   Advanced       Version 1.0.
Loading udb::Database ...
Design:  main
Family:  iCE40UP
Device:  iCE40UP5K
Package: SG48
Performance Grade:   High-Performance_1.2V



Successfully loading udb, 0.25 seconds

Initializing timer
Starting design annotation....
High-Performance_1.2V

Starting full timing analysis...
Performance Hardware Data Status:   Advanced       Version 1.0.
Connections ignored  51  counted  13892  covered  0
Changing speed to m;   changing temperature to -40

STA Runtime and Peak Memory Usage :
Total CPU Time: 8 secs 
Total REAL Time: 9 secs 
Peak Memory Usage: 143 MB

 8.845169s wall, 8.015625s user + 0.093750s system = 8.109375s CPU (91.7%)

