
                         Lattice Mapping Report File

Design:  main
Family:  iCE40UP
Device:  iCE40UP5K
Package: SG48
Performance Grade:  High-Performance_1.2V

Mapper:    version Radiant Software (64-bit) 2023.2.0.38.1
Mapped on: Sat Jun 15 12:05:56 2024

Design Information
------------------

Command line:   map -i TP3_E4_TP3_E4_syn.udb -pdc D:/Facultad ITBA/Ano
     5/Cuatrimestre
     1/E4/TPs-G1_E4/TP3/Laticce/8bits/TP3_E4/source/TP3_E4/TP3_E4.pdc -o
     TP3_E4_TP3_E4_map.udb -mp TP3_E4_TP3_E4.mrp -hierrpt -gui -msgset
     D:/Facultad ITBA/Ano 5/Cuatrimestre
     1/E4/TPs-G1_E4/TP3/Laticce/8bits/TP3_E4/promote.xml

Design Summary
--------------

   Number of slice registers:  88 out of  5280 (2%)
   Number of I/O registers:      0 out of   117 (0%)
   Number of LUT4s:           3838 out of  5280 (73%)
      Number of logic LUT4s:             3772
      Number of ripple logic:             33 (66 LUT4s)
   Number of IO sites used:   7 out of 39 (18%)
      Number of IO sites used for general PIO: 7
      Number of IO sites used for I3C: 0 out of 2 (0%)
      (note: If I3C is not used, its site can be used as general PIO)
      Number of IO sites used for PIO+I3C: 7 out of 36 (19%)
      Number of IO sites used for OD+RGB IO buffers: 0 out of 3 (0%)
      (note: If RGB LED drivers are not used, sites can be used as OD outputs,
       see TN1288 iCE40 LED Driver Usage Guide)
      Number of IO sites used for PIO+I3C+OD+RGB: 7 out of 39 (18%)
   Number of DSPs:             0 out of 8 (0%)
   Number of I2Cs:             0 out of 2 (0%)
   Number of High Speed OSCs:  0 out of 1 (0%)
   Number of Low Speed OSCs:   0 out of 1 (0%)
   Number of RGB PWM:          0 out of 1 (0%)
   Number of RGB Drivers:      0 out of 1 (0%)
   Number of SCL FILTERs:      0 out of 2 (0%)
   Number of SRAMs:            0 out of 4 (0%)
   Number of WARMBOOTs:        0 out of 1 (0%)
   Number of SPIs:             0 out of 2 (0%)
   Number of EBRs:             0 out of 30 (0%)
   Number of PLLs:             0 out of 1 (0%)
   Number of Clocks:  3
      Net tw_gen.slow_clk: 12 loads, 12 rising, 0 falling (Driver: Pin
     tw_gen.slow_clk_c/Q)
      Net clk_c: 7 loads, 7 rising, 0 falling (Driver: Port clk)
      Net sine_gen.slow_clk: 54 loads, 54 rising, 0 falling (Driver: Pin
     sine_gen.slow_clk_c/Q)
   Number of Clock Enables:  0
   Number of LSRs:  4
      Net sine_gen.address3[11]: 1 loads, 1 SLICEs
      Net sine_gen.address2[11]: 1 loads, 1 SLICEs
      Net sine_gen.address1[11]: 1 loads, 1 SLICEs

                                    Page 1





Design Summary (cont)
---------------------
      Net sine_gen.n609247: 4 loads, 4 SLICEs
   Top 10 highest fanout non-clock nets:
      Net sine_gen.address1[4]: 414 loads
      Net sine_gen.address3[4]: 411 loads
      Net sine_gen.address2[4]: 398 loads
      Net sine_gen.address1[3]: 371 loads
      Net sine_gen.address3[3]: 369 loads
      Net sine_gen.address2[3]: 367 loads
      Net sine_gen.address2[5]: 350 loads
      Net sine_gen.address3[5]: 329 loads
      Net sine_gen.address3[2]: 326 loads
      Net sine_gen.address1[2]: 322 loads





   Number of warnings:  20
   Number of errors:    0

Design Errors/Warnings
----------------------

WARNING <1026001> - map: D:/Facultad ITBA/Ano 5/Cuatrimestre
     1/E4/TPs-G1_E4/TP3/Laticce/8bits/TP3_E4/source/TP3_E4/TP3_E4.pdc (8) : No
     port matched 'pin1'.
WARNING <1026001> - map: D:/Facultad ITBA/Ano 5/Cuatrimestre
     1/E4/TPs-G1_E4/TP3/Laticce/8bits/TP3_E4/source/TP3_E4/TP3_E4.pdc (9) : No
     port matched 'pin2'.
WARNING <1026001> - map: D:/Facultad ITBA/Ano 5/Cuatrimestre
     1/E4/TPs-G1_E4/TP3/Laticce/8bits/TP3_E4/source/TP3_E4/TP3_E4.pdc (10) : No
     port matched 'pin3'.
WARNING <1026001> - map: D:/Facultad ITBA/Ano 5/Cuatrimestre
     1/E4/TPs-G1_E4/TP3/Laticce/8bits/TP3_E4/source/TP3_E4/TP3_E4.pdc (11) : No
     port matched 'pin4'.
WARNING <1026001> - map: D:/Facultad ITBA/Ano 5/Cuatrimestre
     1/E4/TPs-G1_E4/TP3/Laticce/8bits/TP3_E4/source/TP3_E4/TP3_E4.pdc (12) : No
     port matched 'pin5'.
WARNING <1027013> - map: No port matched 'pin1'.
WARNING <1014301> - map: Can't resolve object 'pin1' in constraint
     'ldc_set_location -site {2} [get_ports pin1]'.
WARNING <1027013> - map: No port matched 'pin2'.
WARNING <1014301> - map: Can't resolve object 'pin2' in constraint
     'ldc_set_location -site {47} [get_ports pin2]'.
WARNING <1027013> - map: No port matched 'pin3'.
WARNING <1014301> - map: Can't resolve object 'pin3' in constraint
     'ldc_set_location -site {4} [get_ports pin3]'.
WARNING <1027013> - map: No port matched 'pin4'.
WARNING <1014301> - map: Can't resolve object 'pin4' in constraint
     'ldc_set_location -site {6} [get_ports pin4]'.
WARNING <1027013> - map: No port matched 'pin5'.
WARNING <1014301> - map: Can't resolve object 'pin5' in constraint
     'ldc_set_location -site {11} [get_ports pin5]'.
WARNING <1011001> - map: Remove invalid constraint 'ldc_set_location -site {2}
     [get_ports pin1]'.
WARNING <1011001> - map: Remove invalid constraint 'ldc_set_location -site {47}
     [get_ports pin2]'.
WARNING <1011001> - map: Remove invalid constraint 'ldc_set_location -site {4}

                                    Page 2





Design Errors/Warnings (cont)
-----------------------------
     [get_ports pin3]'.
WARNING <1011001> - map: Remove invalid constraint 'ldc_set_location -site {6}
     [get_ports pin4]'.
WARNING <1011001> - map: Remove invalid constraint 'ldc_set_location -site {11}
     [get_ports pin5]'.

IO (PIO) Attributes
-------------------

+---------------------+-----------+-----------+-------+-------+-----------+
| IO Name             | Direction | Levelmode |  IO   |  IO   | Special   |
|                     |           |  IO_TYPE  |  REG  |  DDR  | IO Buffer |
+---------------------+-----------+-----------+-------+-------+-----------+
| clk                 | INPUT     |           |       |       |           |
+---------------------+-----------+-----------+-------+-------+-----------+
| Vcn                 | OUTPUT    |           |       |       |           |
+---------------------+-----------+-----------+-------+-------+-----------+
| Vc                  | OUTPUT    |           |       |       |           |
+---------------------+-----------+-----------+-------+-------+-----------+
| Vbn                 | OUTPUT    |           |       |       |           |
+---------------------+-----------+-----------+-------+-------+-----------+
| Vb                  | OUTPUT    |           |       |       |           |
+---------------------+-----------+-----------+-------+-------+-----------+
| Van                 | OUTPUT    |           |       |       |           |
+---------------------+-----------+-----------+-------+-------+-----------+
| Va                  | OUTPUT    |           |       |       |           |
+---------------------+-----------+-----------+-------+-------+-----------+

Removed logic
-------------

Block i1 was optimized away.

Constraint Summary
------------------

   Total number of constraints: 12
   Total number of constraints dropped: 5
   Dropped constraints are:
     ldc_set_location -site {2} [get_ports pin1]
     ldc_set_location -site {47} [get_ports pin2]
     ldc_set_location -site {4} [get_ports pin3]
     ldc_set_location -site {6} [get_ports pin4]
     ldc_set_location -site {11} [get_ports pin5]

Run Time and Memory Usage
-------------------------

   Total CPU Time: 2 secs
   Total REAL Time: 2 secs
   Peak Memory Usage: 123 MB
Checksum -- map: b7a472cedcd54f84c751c033e06fae6c5d94a4a1






                                    Page 3


Copyright (c) 1991-1994 by NeoCAD Inc. All rights reserved.
Copyright (c) 1995
     AT&T Corp.   All rights reserved.
Copyright (c) 1995-2001 Lucent
     Technologies Inc.  All rights reserved.
Copyright (c) 2001 Agere Systems
     All rights reserved.
Copyright (c) 2002-2023 Lattice Semiconductor
     Corporation,  All rights reserved.
