Removed Pin From Net: NetName=NetC6_2 Pin=C6-2
Removed Pin From Net: NetName=GND Pin=C8-2
Removed Pin From Net: NetName=NetC12_2 Pin=C12-2
Removed Pin From Net: NetName=NetC12_1 Pin=D10-1
Removed Pin From Net: NetName=NetD6_2 Pin=R8-2
Removed Pin From Net: NetName=NetC8_1 Pin=R9-1
Removed Pin From Net: NetName=NetD7_2 Pin=R9-2
Removed Pin From Net: NetName=NetD6_1 Pin=R10-2
Removed Pin From Net: NetName=NetD8_2 Pin=R12-2
Removed Pin From Net: NetName=NetD8_1 Pin=R14-2
Removed Pin From Net: NetName=NetD9_2 Pin=R16-2
Removed Pin From Net: NetName=NetD10_2 Pin=R18-2
Removed Pin From Net: NetName=NetR16_1 Pin=R19-1
Removed Pin From Net: NetName=NetD9_1 Pin=R19-2
Removed Pin From Net: NetName=NetD11_2 Pin=R21-2
Removed Pin From Net: NetName=NetD11_1 Pin=R22-2
Removed Pin From Net: NetName=NetC4_1 Pin=TP1-1
Removed Pin From Net: NetName=NetC8_1 Pin=TP3-1
Removed Pin From Net: NetName=NetC8_1 Pin=U2-1
Removed Pin From Net: NetName=HI-1 Pin=U2-2
Removed Pin From Net: NetName=LI-1 Pin=U2-3
Removed Pin From Net: NetName=HI-1 Pin=U3-2
Removed Pin From Net: NetName=LI-1 Pin=U3-3
Removed Pin From Net: NetName=NetR16_1 Pin=U3-7
Removed Pin From Net: NetName=NetC12_1 Pin=U3-8
Change Component Footprint: Designator=R8 Old Footprint=0805 New Footprint=RES300
Change Component Footprint: Designator=R12 Old Footprint=0805 New Footprint=RES300
Change Component Footprint: Designator=R21 Old Footprint=0805 New Footprint=RES300
Change Component Footprint: Designator=C6 Old Footprint=1206 New Footprint=0805
Change Component Footprint: Designator=C12 Old Footprint=1206 New Footprint=0805
Change Component Footprint: Designator=C4 Old Footprint=CAP200 New Footprint=0805
Change Component Footprint: Designator=C13 Old Footprint=CAP200 New Footprint=0805
Change Component Footprint: Designator=C8 Old Footprint=CAP200 New Footprint=1206
Change Component Footprint: Designator=R9 Old Footprint=RES300 New Footprint=0805
Change Component Footprint: Designator=R18 Old Footprint=RES300 New Footprint=RES400
Change Component Footprint: Designator=R19 Old Footprint=RES400 New Footprint=0805
Change Component Footprint: Designator=R10 Old Footprint=RES400 New Footprint=RES300
Change Component Footprint: Designator=R22 Old Footprint=RES400 New Footprint=RES300
Change Component Comment : Designator=R9 Old Comment=2.2 New Comment=33
Change Component Comment : Designator=R18 Old Comment=2.2 New Comment=33
Change Component Comment : Designator=C6 Old Comment=10u New Comment=220n
Change Component Comment : Designator=C12 Old Comment=10u New Comment=220n
Change Component Comment : Designator=R12 Old Comment=33 New Comment=2.2
Change Component Comment : Designator=R22 Old Comment=33 New Comment=2.2
Change Component Comment : Designator=R8 Old Comment=33 New Comment=10
Change Component Comment : Designator=R10 Old Comment=33 New Comment=10
Change Component Comment : Designator=R21 Old Comment=33 New Comment=10
Change Component Comment : Designator=C8 Old Comment=100n New Comment=10u
Change Component Comment : Designator=C4 Old Comment=100n New Comment=220n
Change Component Comment : Designator=C13 Old Comment=100n New Comment=220n
Change Component Comment : Designator=J? Old Comment=CON2 New Comment=Vin 5V
Change Component Comment : Designator=TP4 Old Comment=Out R New Comment=Out S
Change Component Comment : Designator=TP6 Old Comment=Out R New Comment=Out T
Change Component Designator: OldDesignator=J? NewDesignator=J4
Added Component: Designator=C16(1206)
Added Component: Designator=C17(0805)
Added Component: Designator=C18(0805)
Added Component: Designator=R24(RES400)
Added Component: Designator=R25(0805)
Added Component: Designator=R26(RES400)
Added Pin To Net: NetName=NetC4_1 Pin=C6-1
Added Pin To Net: NetName=GND Pin=C6-2
Added Pin To Net: NetName=NetC6_2 Pin=C8-2
Added Pin To Net: NetName=GND Pin=C12-2
Added Pin To Net: NetName=NetC12_1 Pin=C13-1
Added Pin To Net: NetName=NetC12_2 Pin=C16-2
Added Pin To Net: NetName=GND Pin=C17-2
Added Pin To Net: NetName=GND Pin=C18-2
Added Pin To Net: NetName=NetC8_1 Pin=D7-1
Added Pin To Net: NetName=NetC4_1 Pin=R8-1
Added Pin To Net: NetName=NetD6_2 Pin=R9-2
Added Pin To Net: NetName=NetC12_1 Pin=R10-1
Added Pin To Net: NetName=NetC12_1 Pin=R12-1
Added Pin To Net: NetName=NetD7_2 Pin=R12-2
Added Pin To Net: NetName=NetD6_1 Pin=R14-2
Added Pin To Net: NetName=NetD8_2 Pin=R16-2
Added Pin To Net: NetName=NetR16_1 Pin=R18-1
Added Pin To Net: NetName=NetD8_1 Pin=R18-2
Added Pin To Net: NetName=NetD9_2 Pin=R19-2
Added Pin To Net: NetName=NetD10_2 Pin=R22-2
Added Pin To Net: NetName=NetD9_1 Pin=R24-2
Added Pin To Net: NetName=NetD11_2 Pin=R25-2
Added Pin To Net: NetName=NetD11_1 Pin=R26-2
Added Pin To Net: NetName=NetC12_1 Pin=U2-1
Added Pin To Net: NetName=HI-2 Pin=U2-2
Added Pin To Net: NetName=LI-2 Pin=U2-3
Added Pin To Net: NetName=NetR16_1 Pin=U2-5
Added Pin To Net: NetName=NetC8_1 Pin=U2-8
Added Pin To Net: NetName=HI-3 Pin=U3-2
Added Pin To Net: NetName=LI-3 Pin=U3-3
Change Net Name : Old Net Name=NetC6_2 New Net Name=NetC8_2
Change Net Name : Old Net Name=NetC12_2 New Net Name=NetC16_2
Change Net Name : Old Net Name=NetJ?_2 New Net Name=NetJ4_2
Added Pin To Net: NetName=NetC16_1 Pin=C16-1
Added Pin To Net: NetName=NetC16_1 Pin=D10-1
Added Pin To Net: NetName=NetC16_1 Pin=U3-8
Added Net: Name=NetC16_1
Added Pin To Net: NetName=NetC17_1 Pin=C17-1
Added Pin To Net: NetName=NetC17_1 Pin=C18-1
Added Pin To Net: NetName=NetC17_1 Pin=R21-1
Added Pin To Net: NetName=NetC17_1 Pin=R22-1
Added Pin To Net: NetName=NetC17_1 Pin=U3-1
Added Net: Name=NetC17_1
Added Pin To Net: NetName=NetR8_2 Pin=R8-2
Added Pin To Net: NetName=NetR8_2 Pin=TP1-1
Added Net: Name=NetR8_2
Added Pin To Net: NetName=NetR9_1 Pin=R9-1
Added Pin To Net: NetName=NetR9_1 Pin=R14-1
Added Pin To Net: NetName=NetR9_1 Pin=U2-7
Added Net: Name=NetR9_1
Added Pin To Net: NetName=NetR10_2 Pin=R10-2
Added Pin To Net: NetName=NetR10_2 Pin=TP3-1
Added Net: Name=NetR10_2
Added Pin To Net: NetName=NetR19_1 Pin=R19-1
Added Pin To Net: NetName=NetR19_1 Pin=R24-1
Added Pin To Net: NetName=NetR19_1 Pin=U3-7
Added Net: Name=NetR19_1
Added Pin To Net: NetName=NetR21_2 Pin=R21-2
Added Pin To Net: NetName=NetR21_2 Pin=TP5-1
Added Net: Name=NetR21_2
Added Pin To Net: NetName=NetR25_1 Pin=R25-1
Added Pin To Net: NetName=NetR25_1 Pin=R26-1
Added Pin To Net: NetName=NetR25_1 Pin=U3-5
Added Net: Name=NetR25_1
Added Member To Class: ClassName=InverterSchematic Member=Component C16 10u
Added Member To Class: ClassName=InverterSchematic Member=Component C17 220n
Added Member To Class: ClassName=InverterSchematic Member=Component C18 220n
Added Member To Class: ClassName=InverterSchematic Member=Component R24 33
Added Member To Class: ClassName=InverterSchematic Member=Component R25 33
Added Member To Class: ClassName=InverterSchematic Member=Component R26 33
